2025-07-14 12:35:40,045 - discord.client - WARNING - PyNaCl is not installed, voice will NOT be supported
2025-07-14 12:35:40,045 - config - WARNING - SUGGESTION_CHANNEL_ID not set in environment variables
2025-07-14 12:35:40,045 - config - WARNING - STAFF_CHANNEL_ID not set in environment variables
2025-07-14 12:42:05,485 - discord.client - WARNING - PyNaCl is not installed, voice will NOT be supported
2025-07-14 12:42:05,486 - config - WARNING - SUGGESTION_CHANNEL_ID not set in environment variables
2025-07-14 12:42:05,486 - config - WARNING - STAFF_CHANNEL_ID not set in environment variables
2025-07-14 12:42:05,486 - config - WARNING - SUGGESTION_CHANNEL_ID not configured - suggestion command will not work
2025-07-14 12:42:05,486 - config - WARNING - STAFF_CHANNEL_ID not configured - tickets will not be created
2025-07-14 12:42:05,487 - discord.client - INFO - logging in using static token
2025-07-14 12:42:05,843 - __main__ - INFO - Setting up bot...
2025-07-14 12:42:06,135 - __main__ - INFO - Synced 2 command(s)
2025-07-14 12:42:06,344 - __main__ - ERROR - Failed to start bot: Shard ID None is requesting privileged intents that have not been explicitly enabled in the developer portal. It is recommended to go to https://discord.com/developers/applications/ and explicitly enable the privileged intents within your application's page. If this is not possible, then consider disabling the privileged intents instead.
2025-07-14 12:46:44,664 - discord.client - WARNING - PyNaCl is not installed, voice will NOT be supported
2025-07-14 12:46:44,665 - discord.client - INFO - logging in using static token
2025-07-14 12:46:45,096 - __main__ - INFO - Setting up bot...
2025-07-14 12:46:45,351 - __main__ - INFO - Synced 2 command(s)
2025-07-14 12:46:45,566 - __main__ - ERROR - Failed to start bot: Shard ID None is requesting privileged intents that have not been explicitly enabled in the developer portal. It is recommended to go to https://discord.com/developers/applications/ and explicitly enable the privileged intents within your application's page. If this is not possible, then consider disabling the privileged intents instead.
2025-07-14 12:47:02,966 - discord.client - WARNING - PyNaCl is not installed, voice will NOT be supported
2025-07-14 12:47:02,967 - discord.ext.commands.bot - WARNING - Privileged message content intent is missing, commands may not work as expected.
2025-07-14 12:47:02,967 - discord.client - INFO - logging in using static token
2025-07-14 12:47:03,330 - __main__ - INFO - Setting up bot...
2025-07-14 12:47:45,371 - __main__ - INFO - Synced 2 command(s)
2025-07-14 12:47:45,724 - discord.gateway - INFO - Shard ID None has connected to Gateway (Session ID: 1bb839e3c0b37fd6fb696b8cf0f56827).
2025-07-14 12:47:47,728 - __main__ - INFO - Suggestion Bot#4517 has connected to Discord!
2025-07-14 12:47:47,728 - __main__ - INFO - Bot is in 0 guilds
2025-07-14 17:11:06,269 - discord.client - WARNING - PyNaCl is not installed, voice will NOT be supported
2025-07-14 17:11:06,271 - discord.ext.commands.bot - WARNING - Privileged message content intent is missing, commands may not work as expected.
2025-07-14 17:11:06,271 - discord.client - INFO - logging in using static token
2025-07-14 17:11:06,689 - __main__ - INFO - Setting up bot...
2025-07-14 17:11:06,940 - __main__ - INFO - Synced 2 command(s)
2025-07-14 17:11:07,171 - discord.gateway - INFO - Shard ID None has connected to Gateway (Session ID: e3e5ce9d397f0cee5c864a39c782943a).
2025-07-14 17:11:09,175 - __main__ - INFO - Suggestion Bot#4517 has connected to Discord!
2025-07-14 17:11:09,176 - __main__ - INFO - Bot is in 1 guilds
2025-07-14 17:11:28,928 - discord.client - WARNING - PyNaCl is not installed, voice will NOT be supported
2025-07-14 17:11:28,929 - discord.ext.commands.bot - WARNING - Privileged message content intent is missing, commands may not work as expected.
2025-07-14 17:11:28,929 - discord.client - INFO - logging in using static token
2025-07-14 17:11:29,412 - __main__ - INFO - Setting up bot...
2025-07-14 17:12:06,981 - __main__ - INFO - Synced 2 command(s)
2025-07-14 17:12:07,277 - discord.gateway - INFO - Shard ID None has connected to Gateway (Session ID: 2124fa0deee063d77f81a51af3505729).
2025-07-14 17:12:09,281 - __main__ - INFO - Suggestion Bot#4517 has connected to Discord!
2025-07-14 17:12:09,281 - __main__ - INFO - Bot is in 1 guilds
2025-07-14 17:15:14,255 - discord.client - WARNING - PyNaCl is not installed, voice will NOT be supported
2025-07-14 17:15:14,258 - discord.ext.commands.bot - WARNING - Privileged message content intent is missing, commands may not work as expected.
2025-07-14 17:15:14,259 - discord.client - INFO - logging in using static token
2025-07-14 17:15:14,662 - __main__ - INFO - Setting up bot...
2025-07-14 17:15:15,602 - __main__ - INFO - Synced 4 command(s)
2025-07-14 17:15:15,873 - discord.gateway - INFO - Shard ID None has connected to Gateway (Session ID: 84e765f053087da50beb3d91ffde3b70).
2025-07-14 17:15:17,886 - __main__ - INFO - Suggestion Bot#4517 has connected to Discord!
2025-07-14 17:15:17,886 - __main__ - INFO - Bot is in 1 guilds
2025-07-14 17:15:47,549 - bot.commands - INFO - Suggestion command invoked by jxmie1995 with title: help me
2025-07-14 17:15:49,114 - bot.commands - INFO - Suggestion submitted by jxmie1995 (ID: 1305204663074820211)
2025-07-14 17:24:36,683 - bot.handlers - INFO - Joined guild: S4 - AoEM (ID: 1379757966047055932)
2025-07-14 17:25:21,444 - bot.commands - INFO - Suggestion channel updated to 1394367547893088408 by jxmie1995
2025-07-14 17:26:36,330 - bot.commands - INFO - Suggestion command invoked by jxmie1995 with title: Testing the Suggestion bot
2025-07-14 17:26:36,686 - bot.commands - ERROR - Missing permissions to post in suggestion channel
2025-07-14 17:29:47,769 - bot.commands - INFO - Suggestion command invoked by jxmie1995 with title: Suggestion Bot Has Been Added
2025-07-14 17:29:49,358 - bot.commands - INFO - Suggestion submitted by jxmie1995 (ID: 1305204663074820211)
2025-07-14 17:37:33,618 - discord.client - WARNING - PyNaCl is not installed, voice will NOT be supported
2025-07-14 17:37:33,619 - discord.ext.commands.bot - WARNING - Privileged message content intent is missing, commands may not work as expected.
2025-07-14 17:37:33,619 - discord.client - INFO - logging in using static token
2025-07-14 17:37:34,182 - __main__ - INFO - Setting up bot...
2025-07-14 17:37:34,501 - __main__ - INFO - Synced 4 command(s)
2025-07-14 17:37:34,707 - discord.gateway - INFO - Shard ID None has connected to Gateway (Session ID: 4a61e8323b5542eee631c148158200b8).
2025-07-14 17:37:36,721 - __main__ - INFO - Suggestion Bot#4517 has connected to Discord!
2025-07-14 17:37:36,722 - __main__ - INFO - Bot is in 2 guilds
2025-07-14 17:46:02,090 - bot.commands - INFO - Approved channel updated to 1379757967460532333 by jxmie1995
2025-07-14 17:46:21,480 - bot.commands - INFO - Approved role updated to 1387025216663715940 by jxmie1995
2025-07-14 20:04:29,787 - discord.client - WARNING - PyNaCl is not installed, voice will NOT be supported
2025-07-14 20:04:29,791 - discord.ext.commands.bot - WARNING - Privileged message content intent is missing, commands may not work as expected.
2025-07-14 20:04:29,791 - discord.client - INFO - logging in using static token
2025-07-14 20:04:30,493 - __main__ - INFO - Setting up bot...
2025-07-14 20:04:30,932 - __main__ - INFO - Synced 4 command(s)
2025-07-14 20:04:31,132 - discord.gateway - INFO - Shard ID None has connected to Gateway (Session ID: 3a80437e52532e26fa8a92b819d97b5d).
2025-07-14 20:04:33,147 - __main__ - INFO - Suggestion Bot#4517 has connected to Discord!
2025-07-14 20:04:33,147 - __main__ - INFO - Bot is in 2 guilds
2025-07-14 20:06:27,259 - discord.client - WARNING - PyNaCl is not installed, voice will NOT be supported
2025-07-14 20:06:27,260 - discord.ext.commands.bot - WARNING - Privileged message content intent is missing, commands may not work as expected.
2025-07-14 20:06:27,260 - discord.client - INFO - logging in using static token
2025-07-14 20:06:27,815 - __main__ - INFO - Setting up bot...
2025-07-14 20:06:28,317 - __main__ - INFO - Synced 6 command(s)
2025-07-14 20:06:28,590 - discord.gateway - INFO - Shard ID None has connected to Gateway (Session ID: e3f3310490b89363650bc8dcd60c210d).
2025-07-14 20:06:30,605 - __main__ - INFO - Suggestion Bot#4517 has connected to Discord!
2025-07-14 20:06:30,605 - __main__ - INFO - Bot is in 2 guilds
2025-07-14 20:12:52,179 - bot.commands - INFO - Poll created by jxmie1995 with 3 options
2025-07-14 20:12:57,059 - bot.handlers - INFO - User jxmie1995 voted 1️⃣ in poll
2025-07-14 20:12:59,601 - bot.handlers - INFO - User jxmie1995 voted 2️⃣ in poll
2025-07-14 20:17:33,670 - discord.client - WARNING - PyNaCl is not installed, voice will NOT be supported
2025-07-14 20:17:33,671 - discord.ext.commands.bot - WARNING - Privileged message content intent is missing, commands may not work as expected.
2025-07-14 20:17:33,671 - discord.client - INFO - logging in using static token
2025-07-14 20:17:37,528 - __main__ - INFO - Setting up bot...
2025-07-14 20:17:37,988 - __main__ - INFO - Synced 6 command(s)
2025-07-14 20:17:38,235 - discord.gateway - INFO - Shard ID None has connected to Gateway (Session ID: 166f10559811ed202482ab399c04895f).
2025-07-14 20:17:40,255 - __main__ - INFO - Suggestion Bot#4517 has connected to Discord!
2025-07-14 20:17:40,256 - __main__ - INFO - Bot is in 2 guilds
2025-07-14 20:19:39,065 - bot.commands - INFO - Poll created by jxmie1995 with 2 options
2025-07-14 20:19:48,590 - bot.handlers - INFO - User jxmie1995 voted ✅ in poll
2025-07-14 20:19:55,154 - bot.handlers - INFO - User jxmie1995 voted ❌ in poll
2025-07-14 20:21:22,215 - discord.client - WARNING - PyNaCl is not installed, voice will NOT be supported
2025-07-14 20:21:22,216 - discord.ext.commands.bot - WARNING - Privileged message content intent is missing, commands may not work as expected.
2025-07-14 20:21:22,216 - discord.client - INFO - logging in using static token
2025-07-14 20:21:22,825 - __main__ - INFO - Setting up bot...
2025-07-14 20:21:23,328 - __main__ - INFO - Synced 7 command(s)
2025-07-14 20:21:23,562 - discord.gateway - INFO - Shard ID None has connected to Gateway (Session ID: adc1dffd05000555d836fb9ab590c8d0).
2025-07-14 20:21:25,576 - __main__ - INFO - Suggestion Bot#4517 has connected to Discord!
2025-07-14 20:21:25,576 - __main__ - INFO - Bot is in 2 guilds
2025-07-14 20:23:20,577 - discord.client - WARNING - PyNaCl is not installed, voice will NOT be supported
2025-07-14 20:23:20,578 - discord.ext.commands.bot - WARNING - Privileged message content intent is missing, commands may not work as expected.
2025-07-14 20:23:20,578 - discord.client - INFO - logging in using static token
2025-07-14 20:23:21,198 - __main__ - INFO - Setting up bot...
2025-07-14 20:23:21,863 - __main__ - INFO - Synced 7 command(s)
2025-07-14 20:23:22,109 - discord.gateway - INFO - Shard ID None has connected to Gateway (Session ID: 0bcfe8e27f2d8150170fc14a6572b6f5).
2025-07-14 20:23:24,123 - __main__ - INFO - Suggestion Bot#4517 has connected to Discord!
2025-07-14 20:23:24,123 - __main__ - INFO - Bot is in 2 guilds
2025-07-14 20:24:37,942 - discord.client - WARNING - PyNaCl is not installed, voice will NOT be supported
2025-07-14 20:24:37,943 - discord.ext.commands.bot - WARNING - Privileged message content intent is missing, commands may not work as expected.
2025-07-14 20:24:37,943 - discord.client - INFO - logging in using static token
2025-07-14 20:24:38,520 - __main__ - INFO - Setting up bot...
2025-07-14 20:24:38,981 - __main__ - INFO - Synced 7 command(s)
2025-07-14 20:24:39,249 - discord.gateway - INFO - Shard ID None has connected to Gateway (Session ID: 34c9ad747b056c10fb209f16caeee94d).
2025-07-14 20:24:41,278 - __main__ - INFO - Suggestion Bot#4517 has connected to Discord!
2025-07-14 20:24:41,278 - __main__ - INFO - Bot is in 2 guilds
2025-07-14 20:25:57,873 - discord.client - WARNING - PyNaCl is not installed, voice will NOT be supported
2025-07-14 20:25:57,874 - discord.ext.commands.bot - WARNING - Privileged message content intent is missing, commands may not work as expected.
2025-07-14 20:25:57,874 - discord.client - INFO - logging in using static token
2025-07-14 20:25:58,479 - __main__ - INFO - Setting up bot...
2025-07-14 20:25:58,908 - __main__ - INFO - Synced 7 command(s)
2025-07-14 20:25:59,399 - discord.gateway - INFO - Shard ID None has connected to Gateway (Session ID: 9f802ec4c872dbd8504452e62360efe1).
2025-07-14 20:26:01,414 - __main__ - INFO - Suggestion Bot#4517 has connected to Discord!
2025-07-14 20:26:01,415 - __main__ - INFO - Bot is in 2 guilds
2025-07-14 20:28:06,399 - discord.client - WARNING - PyNaCl is not installed, voice will NOT be supported
2025-07-14 20:28:06,399 - discord.ext.commands.bot - WARNING - Privileged message content intent is missing, commands may not work as expected.
2025-07-14 20:28:06,399 - discord.client - INFO - logging in using static token
2025-07-14 20:28:06,983 - __main__ - INFO - Setting up bot...
2025-07-14 20:28:07,489 - __main__ - INFO - Synced 7 command(s)
2025-07-14 20:28:07,729 - discord.gateway - INFO - Shard ID None has connected to Gateway (Session ID: 2fa827e41f2b83449a04b554fdb4021d).
2025-07-14 20:28:09,741 - __main__ - INFO - Suggestion Bot#4517 has connected to Discord!
2025-07-14 20:28:09,741 - __main__ - INFO - Bot is in 2 guilds
2025-07-14 20:28:50,380 - bot.commands - INFO - Poll command called with options: None
2025-07-14 20:28:50,380 - bot.commands - INFO - Using default options: Yes, No
2025-07-14 20:29:17,533 - bot.commands - INFO - Poll command called with options: None
2025-07-14 20:29:17,533 - bot.commands - INFO - Using default options: Yes, No
2025-07-14 20:29:21,650 - bot.commands - INFO - Poll created by jxmie1995 with 2 options
2025-07-14 20:29:33,685 - bot.handlers - INFO - User jxmie1995 voted ✅ in poll
2025-07-14 20:34:15,933 - bot.commands - INFO - Suggestion command invoked by jxmie1995 with title: h
2025-07-14 20:34:18,729 - bot.commands - INFO - Suggestion submitted by jxmie1995 (ID: 1305204663074820211)
2025-07-14 20:35:20,116 - bot.commands - INFO - Suggestion channel updated to 1394367547893088408 by jxmie1995
2025-07-14 20:35:33,894 - bot.commands - INFO - Suggestion command invoked by jxmie1995 with title: h
2025-07-14 20:35:36,997 - bot.commands - INFO - Suggestion submitted by jxmie1995 (ID: 1305204663074820211)
2025-07-18 13:54:13,584 - discord.client - WARNING - PyNaCl is not installed, voice will NOT be supported
2025-07-18 13:54:13,585 - discord.ext.commands.bot - WARNING - Privileged message content intent is missing, commands may not work as expected.
2025-07-18 13:54:13,585 - discord.client - INFO - logging in using static token
2025-07-18 13:54:13,916 - __main__ - INFO - Setting up bot...
2025-07-18 13:54:14,194 - __main__ - INFO - Synced 7 command(s)
2025-07-18 13:54:14,416 - discord.gateway - INFO - Shard ID None has connected to Gateway (Session ID: c9b924911453e20c86d8b9398a7351db).
2025-07-18 13:54:16,454 - __main__ - INFO - Suggestion Bot#4517 has connected to Discord!
2025-07-18 13:54:16,454 - __main__ - INFO - Bot is in 2 guilds
